19576: 18:52:33.643 - ---
19576: 18:52:33.643 - Service: "Photon Socket Server" starting
19576: 18:52:33.643 - Config File: C:\Users\omari\Desktop\Photon-OnPremise-Server-SDK_v4-0-29-11263\deploy\bin_Win64\PhotonServer.config
19576: 18:52:33.644 - Will produce at most: 10 crash dumps
19576: 18:52:33.644 - Action: run as exe
19576: 18:52:33.645 - Server Starting...
19576: 18:52:33.645 -    Tick count: 508256750 (wraps in: 43.8277 days)
19576: 18:52:33.645 - Tick count 64: 508256750
19576: 18:52:33.645 - Photon Version: 4.0.28.2962
19576: 18:52:33.645 - PID: 13124
19576: 18:52:33.645 - Config File: C:\Users\omari\Desktop\Photon-OnPremise-Server-SDK_v4-0-29-11263\deploy\bin_Win64\PhotonServer.config
19576: 18:52:33.646 - Will NOT log unimportant exceptions
19576: 18:52:33.648 - Not using performance counters as they are not currently installed. Run the service with /InstallCounters to install them.
19576: 18:52:33.648 - Shutdown timeout enabled: 30000ms
19576: 18:52:33.648 - Starting I/O thread pool with 2 threads
19576: 18:52:33.648 - Using Standard allocator
19576: 18:52:33.648 - Max message size: 512000
19576: 18:52:33.648 - Starting business logic thread pool with the following settings
19576: 18:52:33.648 - InitialThreads: 4 threads
19576: 18:52:33.648 - MinThreads: 4 threads
19576: 18:52:33.648 - Thread pool is fixed size
19576: 18:52:33.649 - Starting ENet thread pool with the following settings
19576: 18:52:33.649 - InitialThreads: 2 threads
19576: 18:52:33.649 - MinThreads: 2 threads
19576: 18:52:33.649 - Thread pool is fixed size
19576: 18:52:33.649 - OnlyDispatchTimers: False
19576: 18:52:33.649 - S2S: flow control: Max pending writes: 50
19576: 18:52:33.649 - S2S: flow control: Max queued buffers: 200
19576: 18:52:33.649 - S2S: flow control: Max pending writes MUX: 500
19576: 18:52:33.649 - S2S: flow control: Max queued buffers MUX: 2000
19576: 18:52:33.649 - S2S: MaxInboundMessageSize: 512000
19576: 18:52:33.649 - S2S: MaxOutboundMessageSize: 512000
19576: 18:52:33.649 - S2S: No inactivity timeout
19576: 18:52:33.651 - WebSocket S2S: MaxInboundMessageSize: 512000
19576: 18:52:33.651 - WebSocket S2S: MaxOutboundMessageSize: 512000
19576: 18:52:33.651 - WebSocket S2S: No inactivity timeout
19576: 18:52:33.651 - Max Reliable Data In Transit (awaiting ACKs) per peer : 51200 bytes
19576: 18:52:33.651 - Per peer bandwidth limit
19576: 18:52:33.651 - Transmit Rate Limit: 256 KB/Sec
19576: 18:52:33.651 - Limit period: 200ms
19576: 18:52:33.651 - Limit per period: 52428 bytes
19576: 18:52:33.651 - Max queued data for transmission per peer: 512000 bytes
19576: 18:52:33.651 - Minimum retransmit timeout: 200
19576: 18:52:33.651 - No Maximum retransmit timeout
19576: 18:52:33.651 - Minimum ENet timeout: 5000ms
19576: 18:52:33.651 - Maximum ENet timeout: 30000ms
19576: 18:52:33.651 - Max Inbound Reliable Data Queued (awaiting resends of earlier sequence numbers) per peer : 163840 bytes
19576: 18:52:33.651 - No RTT ACK adjustment timeout
19576: 18:52:33.651 - Outbound ENet: MaxInboundMessageSize: 512000
19576: 18:52:33.651 - Outbound ENet: MaxOutboundMessageSize: 512000
19576: 18:52:33.653 - GetRuntime - About to load CLR - versions available:
19576: 18:52:33.653 - v2.0.50727
19576: 18:52:33.653 - v4.0.30319
19576: 18:52:33.653 - Configuration requests: "v2.0.50727"
19576: 18:52:33.653 - About to load version: "v2.0.50727"
19576: 18:52:33.705 - About to load runtime: PhotonHostRuntime.PhotonDomainManager from PhotonHostRuntime, Culture=neutral, PublicKeyToken=02C301B61B060C4D
19576: 18:52:33.705 - CLRBaseDirectory set to "C:\Users\omari\Desktop\Photon-OnPremise-Server-SDK_v4-0-29-11263\deploy"
19576: 18:52:33.705 - Optimising event broadcast for 20 or more peers
19576: 18:52:33.706 - Start: About to load CLR - versions available:
19576: 18:52:33.706 - v2.0.50727
19576: 18:52:33.706 - v4.0.30319
19576: 18:52:33.706 - No preference in configuration file, will load latest.
19576: 18:52:33.706 - About to load version: "v4.0.30319"
19576: 18:52:33.707 - Loaded version: "v4.0.30319"
19576: 18:52:33.849 - Photon host runtime loaded
19576: 18:52:35.524 - License is valid.
19576: 18:52:35.524 - Licensed for 100 concurrent connections.
19576: 18:52:35.524 - ENet: Max Reliable Data In Transit (awaiting ACKs) per peer : 51200 bytes
19576: 18:52:35.524 - ENet: Per peer bandwidth limit
19576: 18:52:35.524 - ENet: Transmit Rate Limit: 256 KB/Sec
19576: 18:52:35.524 - ENet: Limit period: 200ms
19576: 18:52:35.524 - ENet: Limit per period: 52428 bytes
19576: 18:52:35.524 - ENet: Max queued data for transmission per peer: 512000 bytes
19576: 18:52:35.524 - ENet: Minimum retransmit timeout: 200
19576: 18:52:35.524 - No Maximum retransmit timeout
19576: 18:52:35.524 - ENet: Minimum timeout: 5000ms
19576: 18:52:35.524 - ENet: Maximum timeout: 30000ms
19576: 18:52:35.524 - ENet: Max Inbound Reliable Data Queued (awaiting resends of earlier sequence numbers) per peer : 163840 bytes
19576: 18:52:35.524 - No RTT ACK adjustment timeout
19576: 18:52:35.524 - About to load application: Master from Photon.LoadBalancing
19576: 18:52:35.524 - Auto restart is enabled for application, existing connections will be terminated during restart
19576: 18:52:35.524 - Application will restart 1000ms after the last change detected
19576: 18:52:35.524 - Application will restart if files matching the following are changed: "dll;config"
19576: 18:52:35.524 - Application will NOT restart if files matching the following are changed: "log4net.config"
19576: 18:52:35.740 - Taking reference on default app domain
19576: 18:52:35.983 - Application: "Master" started in app domain: 2
19576: 18:52:35.983 - About to load application: Game from Photon.LoadBalancing
19576: 18:52:35.983 - Auto restart is enabled for application, existing connections will be terminated during restart
19576: 18:52:35.983 - Application will restart 1000ms after the last change detected
19576: 18:52:35.983 - Application will restart if files matching the following are changed: "dll;config"
19576: 18:52:35.983 - Application will NOT restart if files matching the following are changed: "log4net.config"
19576: 18:52:36.203 - Taking reference on default app domain
19576: 18:52:36.514 - Application: "Game" started in app domain: 3
19576: 18:52:36.514 - About to load application: CounterPublisher from CounterPublisher
19576: 18:52:36.514 - Auto restart is enabled for application, existing connections will be terminated during restart
19576: 18:52:36.514 - Application will restart 1000ms after the last change detected
19576: 18:52:36.514 - Application will restart if files matching the following are changed: "dll;config"
19576: 18:52:36.514 - Application will NOT restart if files matching the following are changed: "log4net.config"
19576: 18:52:36.745 - Taking reference on default app domain
19576: 18:52:37.037 - Application: "CounterPublisher" started in app domain: 4
19576: 18:52:37.037 - Adding TCP listener on: 0.0.0.0: 4530 with a listen backlog of: 150
19576: 18:52:37.037 - TCP inactivity timeout: 10000ms
19576: 18:52:37.037 - TCP disconnect timeout: 120000ms
19576: 18:52:37.037 - MaxInboundMessageSize: 512000
19576: 18:52:37.037 - MaxOutboundMessageSize: 512000
19576: 18:52:37.037 - Forcing all applications ids to: "Master"
19576: 18:52:37.038 - Serving policy file requests from: "C:\Users\omari\Desktop\Photon-OnPremise-Server-SDK_v4-0-29-11263\deploy\Policy\assets\socket-policy.xml"
19576: 18:52:37.038 - Adding TCP listener on: 0.0.0.0: 4531 with a listen backlog of: 150
19576: 18:52:37.038 - TCP inactivity timeout: 10000ms
19576: 18:52:37.038 - TCP disconnect timeout: 120000ms
19576: 18:52:37.038 - MaxInboundMessageSize: 512000
19576: 18:52:37.038 - MaxOutboundMessageSize: 512000
19576: 18:52:37.038 - Forcing all applications ids to: "Game"
19576: 18:52:37.038 - Serving policy file requests from: "C:\Users\omari\Desktop\Photon-OnPremise-Server-SDK_v4-0-29-11263\deploy\Policy\assets\socket-policy.xml"
19576: 18:52:37.038 - Adding TCP listener on: 0.0.0.0: 4520 with a listen backlog of: 150
19576: 18:52:37.038 - TCP inactivity timeout: 5000ms
19576: 18:52:37.038 - TCP disconnect timeout: 120000ms
19576: 18:52:37.038 - MaxInboundMessageSize: 512000
19576: 18:52:37.038 - MaxOutboundMessageSize: 512000
19576: 18:52:37.038 - Forcing all applications ids to: "Master"
19576: 18:52:37.038 - MaxInboundMessageSize: 512000
19576: 18:52:37.038 - MaxOutboundMessageSize: 512000
19576: 18:52:37.038 - UDP address specified as: "0.0.0.0" adding listener to each available IPv4 address
19576: 18:52:37.038 - Adding UDP listener on: 192.168.1.12: 5055 with a listen backlog of: 500
19576: 18:52:37.038 - Adding UDP listener on: 127.0.0.1: 5055 with a listen backlog of: 500
19576: 18:52:37.038 - Forcing all applications ids to: "Game"
19576: 18:52:37.038 - MaxInboundMessageSize: 512000
19576: 18:52:37.038 - MaxOutboundMessageSize: 512000
19576: 18:52:37.038 - UDP address specified as: "0.0.0.0" adding listener to each available IPv4 address
19576: 18:52:37.039 - Adding UDP listener on: 192.168.1.12: 5056 with a listen backlog of: 500
19576: 18:52:37.039 - Adding UDP listener on: 127.0.0.1: 5056 with a listen backlog of: 500
19576: 18:52:37.039 - Adding WebSocket TCP listener on: 0.0.0.0: 9090 with a listen backlog of: 150
19576: 18:52:37.039 - Nagle disabled
19576: 18:52:37.039 - TCP inactivity timeout: 10000ms
19576: 18:52:37.039 - MaxInboundMessageSize: 512000
19576: 18:52:37.039 - MaxOutboundMessageSize: 512000
19576: 18:52:37.039 - Forcing all applications ids to: "Master"
19576: 18:52:37.039 - Will accept ANY sub-protocols from the client
19576: 18:52:37.039 - No automatic WebSocket ping
19576: 18:52:37.039 - Adding WebSocket TCP listener on: 0.0.0.0: 9091 with a listen backlog of: 150
19576: 18:52:37.039 - Nagle disabled
19576: 18:52:37.039 - TCP inactivity timeout: 10000ms
19576: 18:52:37.039 - MaxInboundMessageSize: 512000
19576: 18:52:37.039 - MaxOutboundMessageSize: 512000
19576: 18:52:37.039 - Forcing all applications ids to: "Game"
19576: 18:52:37.039 - Will accept ANY sub-protocols from the client
19576: 18:52:37.039 - No automatic WebSocket ping
19576: 18:52:37.039 - Adding Policy File listener on: 0.0.0.0: 843 with a listen backlog of: 150 and serving Policy File: "C:\Users\omari\Desktop\Photon-OnPremise-Server-SDK_v4-0-29-11263\deploy\Policy\assets\socket-policy.xml"
19576: 18:52:37.039 - TCP inactivity timeout: 1000ms
19576: 18:52:37.039 - Adding Policy File listener on: 0.0.0.0: 943 with a listen backlog of: 150 and serving Policy File: "C:\Users\omari\Desktop\Photon-OnPremise-Server-SDK_v4-0-29-11263\deploy\Policy\assets\socket-policy-silverlight.xml"
19576: 18:52:37.039 - TCP inactivity timeout: 1000ms
19576: 18:52:37.082 - Service is running...
