3796: 17:50:23.723 - ---
3796: 17:50:23.723 - Service: "Photon Socket Server" starting
3796: 17:50:23.723 - Config File: C:\Users\omari\Desktop\Photon-OnPremise-Server-SDK_v4-0-29-11263\deploy\bin_Win64\PhotonServer.config
3796: 17:50:23.726 - Will produce at most: 10 crash dumps
3796: 17:50:23.726 - Action: run as exe
3796: 17:50:23.727 - Server Starting...
3796: 17:50:23.727 -    Tick count: 248315828 (wraps in: 46.8362 days)
3796: 17:50:23.727 - Tick count 64: 248315828
3796: 17:50:23.727 - Photon Version: 4.0.28.2962
3796: 17:50:23.727 - PID: 13500
3796: 17:50:23.728 - Config File: C:\Users\omari\Desktop\Photon-OnPremise-Server-SDK_v4-0-29-11263\deploy\bin_Win64\PhotonServer.config
3796: 17:50:23.728 - Will NOT log unimportant exceptions
3796: 17:50:23.734 - Not using performance counters as they are not currently installed. Run the service with /InstallCounters to install them.
3796: 17:50:23.734 - Shutdown timeout enabled: 30000ms
3796: 17:50:23.734 - Starting I/O thread pool with 2 threads
3796: 17:50:23.736 - Using Standard allocator
3796: 17:50:23.736 - Max message size: 512000
3796: 17:50:23.737 - Starting business logic thread pool with the following settings
3796: 17:50:23.737 - InitialThreads: 4 threads
3796: 17:50:23.737 - MinThreads: 4 threads
3796: 17:50:23.737 - Thread pool is fixed size
3796: 17:50:23.737 - Starting ENet thread pool with the following settings
3796: 17:50:23.737 - InitialThreads: 2 threads
3796: 17:50:23.737 - MinThreads: 2 threads
3796: 17:50:23.737 - Thread pool is fixed size
3796: 17:50:23.737 - OnlyDispatchTimers: False
3796: 17:50:23.738 - S2S: flow control: Max pending writes: 50
3796: 17:50:23.738 - S2S: flow control: Max queued buffers: 200
3796: 17:50:23.738 - S2S: flow control: Max pending writes MUX: 500
3796: 17:50:23.738 - S2S: flow control: Max queued buffers MUX: 2000
3796: 17:50:23.738 - S2S: MaxInboundMessageSize: 512000
3796: 17:50:23.738 - S2S: MaxOutboundMessageSize: 512000
3796: 17:50:23.738 - S2S: No inactivity timeout
3796: 17:50:23.742 - WebSocket S2S: MaxInboundMessageSize: 512000
3796: 17:50:23.742 - WebSocket S2S: MaxOutboundMessageSize: 512000
3796: 17:50:23.742 - WebSocket S2S: No inactivity timeout
3796: 17:50:23.742 - Max Reliable Data In Transit (awaiting ACKs) per peer : 51200 bytes
3796: 17:50:23.742 - Per peer bandwidth limit
3796: 17:50:23.742 - Transmit Rate Limit: 256 KB/Sec
3796: 17:50:23.742 - Limit period: 200ms
3796: 17:50:23.742 - Limit per period: 52428 bytes
3796: 17:50:23.742 - Max queued data for transmission per peer: 512000 bytes
3796: 17:50:23.742 - Minimum retransmit timeout: 200
3796: 17:50:23.742 - No Maximum retransmit timeout
3796: 17:50:23.742 - Minimum ENet timeout: 5000ms
3796: 17:50:23.742 - Maximum ENet timeout: 30000ms
3796: 17:50:23.742 - Max Inbound Reliable Data Queued (awaiting resends of earlier sequence numbers) per peer : 163840 bytes
3796: 17:50:23.742 - No RTT ACK adjustment timeout
3796: 17:50:23.742 - Outbound ENet: MaxInboundMessageSize: 512000
3796: 17:50:23.742 - Outbound ENet: MaxOutboundMessageSize: 512000
3796: 17:50:23.753 - GetRuntime - About to load CLR - versions available:
3796: 17:50:23.753 - v2.0.50727
3796: 17:50:23.753 - v4.0.30319
3796: 17:50:23.753 - Configuration requests: "v2.0.50727"
3796: 17:50:23.753 - About to load version: "v2.0.50727"
3796: 17:50:23.786 - About to load runtime: PhotonHostRuntime.PhotonDomainManager from PhotonHostRuntime, Culture=neutral, PublicKeyToken=02C301B61B060C4D
3796: 17:50:23.786 - CLRBaseDirectory set to "C:\Users\omari\Desktop\Photon-OnPremise-Server-SDK_v4-0-29-11263\deploy"
3796: 17:50:23.786 - Optimising event broadcast for 20 or more peers
3796: 17:50:23.789 - Start: About to load CLR - versions available:
3796: 17:50:23.789 - v2.0.50727
3796: 17:50:23.789 - v4.0.30319
3796: 17:50:23.789 - No preference in configuration file, will load latest.
3796: 17:50:23.789 - About to load version: "v4.0.30319"
3796: 17:50:23.791 - Loaded version: "v4.0.30319"
3796: 17:50:23.920 - Photon host runtime loaded
3796: 17:50:25.481 - License is valid.
3796: 17:50:25.481 - Licensed for 100 concurrent connections.
3796: 17:50:25.481 - ENet: Max Reliable Data In Transit (awaiting ACKs) per peer : 51200 bytes
3796: 17:50:25.481 - ENet: Per peer bandwidth limit
3796: 17:50:25.481 - ENet: Transmit Rate Limit: 256 KB/Sec
3796: 17:50:25.481 - ENet: Limit period: 200ms
3796: 17:50:25.481 - ENet: Limit per period: 52428 bytes
3796: 17:50:25.481 - ENet: Max queued data for transmission per peer: 512000 bytes
3796: 17:50:25.481 - ENet: Minimum retransmit timeout: 200
3796: 17:50:25.481 - No Maximum retransmit timeout
3796: 17:50:25.481 - ENet: Minimum timeout: 5000ms
3796: 17:50:25.481 - ENet: Maximum timeout: 30000ms
3796: 17:50:25.481 - ENet: Max Inbound Reliable Data Queued (awaiting resends of earlier sequence numbers) per peer : 163840 bytes
3796: 17:50:25.481 - No RTT ACK adjustment timeout
3796: 17:50:25.481 - About to load application: Master from Photon.LoadBalancing
3796: 17:50:25.481 - Auto restart is enabled for application, existing connections will be terminated during restart
3796: 17:50:25.481 - Application will restart 1000ms after the last change detected
3796: 17:50:25.481 - Application will restart if files matching the following are changed: "dll;config"
3796: 17:50:25.481 - Application will NOT restart if files matching the following are changed: "log4net.config"
3796: 17:50:25.790 - Taking reference on default app domain
3796: 17:50:26.171 - Application: "Master" started in app domain: 2
3796: 17:50:26.172 - About to load application: Game from Photon.LoadBalancing
3796: 17:50:26.172 - Auto restart is enabled for application, existing connections will be terminated during restart
3796: 17:50:26.172 - Application will restart 1000ms after the last change detected
3796: 17:50:26.172 - Application will restart if files matching the following are changed: "dll;config"
3796: 17:50:26.172 - Application will NOT restart if files matching the following are changed: "log4net.config"
3796: 17:50:26.442 - Taking reference on default app domain
3796: 17:50:27.617 - Application: "Game" started in app domain: 3
3796: 17:50:27.617 - About to load application: CounterPublisher from CounterPublisher
3796: 17:50:27.617 - Auto restart is enabled for application, existing connections will be terminated during restart
3796: 17:50:27.617 - Application will restart 1000ms after the last change detected
3796: 17:50:27.617 - Application will restart if files matching the following are changed: "dll;config"
3796: 17:50:27.617 - Application will NOT restart if files matching the following are changed: "log4net.config"
3796: 17:50:28.225 - Taking reference on default app domain
3796: 17:50:28.619 - Application: "CounterPublisher" started in app domain: 4
3796: 17:50:28.620 - Adding TCP listener on: 0.0.0.0: 4530 with a listen backlog of: 150
3796: 17:50:28.620 - TCP inactivity timeout: 10000ms
3796: 17:50:28.620 - TCP disconnect timeout: 120000ms
3796: 17:50:28.620 - MaxInboundMessageSize: 512000
3796: 17:50:28.620 - MaxOutboundMessageSize: 512000
3796: 17:50:28.620 - Forcing all applications ids to: "Master"
3796: 17:50:28.625 - Serving policy file requests from: "C:\Users\omari\Desktop\Photon-OnPremise-Server-SDK_v4-0-29-11263\deploy\Policy\assets\socket-policy.xml"
3796: 17:50:28.626 - Adding TCP listener on: 0.0.0.0: 4531 with a listen backlog of: 150
3796: 17:50:28.626 - TCP inactivity timeout: 10000ms
3796: 17:50:28.626 - TCP disconnect timeout: 120000ms
3796: 17:50:28.626 - MaxInboundMessageSize: 512000
3796: 17:50:28.626 - MaxOutboundMessageSize: 512000
3796: 17:50:28.626 - Forcing all applications ids to: "Game"
3796: 17:50:28.626 - Serving policy file requests from: "C:\Users\omari\Desktop\Photon-OnPremise-Server-SDK_v4-0-29-11263\deploy\Policy\assets\socket-policy.xml"
3796: 17:50:28.626 - Adding TCP listener on: 0.0.0.0: 4520 with a listen backlog of: 150
3796: 17:50:28.626 - TCP inactivity timeout: 5000ms
3796: 17:50:28.626 - TCP disconnect timeout: 120000ms
3796: 17:50:28.626 - MaxInboundMessageSize: 512000
3796: 17:50:28.626 - MaxOutboundMessageSize: 512000
3796: 17:50:28.626 - Forcing all applications ids to: "Master"
3796: 17:50:28.626 - MaxInboundMessageSize: 512000
3796: 17:50:28.626 - MaxOutboundMessageSize: 512000
3796: 17:50:28.626 - UDP address specified as: "0.0.0.0" adding listener to each available IPv4 address
3796: 17:50:28.626 - Adding UDP listener on: 192.168.1.12: 5055 with a listen backlog of: 500
3796: 17:50:28.626 - Adding UDP listener on: 127.0.0.1: 5055 with a listen backlog of: 500
3796: 17:50:28.626 - Forcing all applications ids to: "Game"
3796: 17:50:28.626 - MaxInboundMessageSize: 512000
3796: 17:50:28.626 - MaxOutboundMessageSize: 512000
3796: 17:50:28.626 - UDP address specified as: "0.0.0.0" adding listener to each available IPv4 address
3796: 17:50:28.626 - Adding UDP listener on: 192.168.1.12: 5056 with a listen backlog of: 500
3796: 17:50:28.626 - Adding UDP listener on: 127.0.0.1: 5056 with a listen backlog of: 500
3796: 17:50:28.627 - Adding WebSocket TCP listener on: 0.0.0.0: 9090 with a listen backlog of: 150
3796: 17:50:28.627 - Nagle disabled
3796: 17:50:28.627 - TCP inactivity timeout: 10000ms
3796: 17:50:28.627 - MaxInboundMessageSize: 512000
3796: 17:50:28.627 - MaxOutboundMessageSize: 512000
3796: 17:50:28.627 - Forcing all applications ids to: "Master"
3796: 17:50:28.627 - Will accept ANY sub-protocols from the client
3796: 17:50:28.627 - No automatic WebSocket ping
3796: 17:50:28.628 - Adding WebSocket TCP listener on: 0.0.0.0: 9091 with a listen backlog of: 150
3796: 17:50:28.628 - Nagle disabled
3796: 17:50:28.628 - TCP inactivity timeout: 10000ms
3796: 17:50:28.628 - MaxInboundMessageSize: 512000
3796: 17:50:28.628 - MaxOutboundMessageSize: 512000
3796: 17:50:28.628 - Forcing all applications ids to: "Game"
3796: 17:50:28.628 - Will accept ANY sub-protocols from the client
3796: 17:50:28.628 - No automatic WebSocket ping
3796: 17:50:28.628 - Adding Policy File listener on: 0.0.0.0: 843 with a listen backlog of: 150 and serving Policy File: "C:\Users\omari\Desktop\Photon-OnPremise-Server-SDK_v4-0-29-11263\deploy\Policy\assets\socket-policy.xml"
3796: 17:50:28.628 - TCP inactivity timeout: 1000ms
3796: 17:50:28.634 - Adding Policy File listener on: 0.0.0.0: 943 with a listen backlog of: 150 and serving Policy File: "C:\Users\omari\Desktop\Photon-OnPremise-Server-SDK_v4-0-29-11263\deploy\Policy\assets\socket-policy-silverlight.xml"
3796: 17:50:28.634 - TCP inactivity timeout: 1000ms
3796: 17:50:28.658 - Service is running...
